<?xml version="1.0" encoding="UTF-8" ?>
<testsuite tests="6" failures="1" name="esinf_parte_3.ScriptTest" time="0.113" errors="0" skipped="0">
  <properties>
[...]
</properties>
  <testcase classname="esinf_parte_3.ScriptTest" name="testPreencher2dtree" time="0.048"/>
  <testcase classname="esinf_parte_3.ScriptTest" name="testPesquisaGeo" time="0.014"/>
  <testcase classname="esinf_parte_3.ScriptTest" name="testProcurarByCoord" time="0.024"/>
  <testcase classname="esinf_parte_3.ScriptTest" name="capitalMaisProxima" time="0.008"/>
  <testcase classname="esinf_parte_3.ScriptTest" name="testListByContinent" time="0.011">
    <failure message="expected:&lt;[Pais: brasil, Pais: bolivia, Pais: peru, Pais: argentina, Pais: colombia, Pais: suriname, Pais: guiana, Pais: paraguai, Pais: chile, Pais: venezuela, Pais: guianafrancesa, Pais: uruguai, Pais: equador]&gt; but was:&lt;[Pais: suriname, Pais: guiana, Pais: guianafrancesa, Pais: uruguai, Pais: paraguai, Pais: bolivia, Pais: equador, Pais: chile, Pais: peru, Pais: venezuela, Pais: argentina, Pais: colombia, Pais: brasil]&gt;" type="java.lang.AssertionError">java.lang.AssertionError: expected:&lt;[Pais: brasil, Pais: bolivia, Pais: peru, Pais: argentina, Pais: colombia, Pais: suriname, Pais: guiana, Pais: paraguai, Pais: chile, Pais: venezuela, Pais: guianafrancesa, Pais: uruguai, Pais: equador]&gt; but was:&lt;[Pais: suriname, Pais: guiana, Pais: guianafrancesa, Pais: uruguai, Pais: paraguai, Pais: bolivia, Pais: equador, Pais: chile, Pais: peru, Pais: venezuela, Pais: argentina, Pais: colombia, Pais: brasil]&gt;
	at org.junit.Assert.fail(Assert.java:88)
	at org.junit.Assert.failNotEquals(Assert.java:834)
	at org.junit.Assert.assertEquals(Assert.java:118)
	at org.junit.Assert.assertEquals(Assert.java:144)
	at esinf_parte_3.ScriptTest.testListByContinent(ScriptTest.java:161)
	at sun.reflect.NativeMethodAccessorImpl.invoke0(Native Method)
	at sun.reflect.NativeMethodAccessorImpl.invoke(NativeMethodAccessorImpl.java:62)
	at sun.reflect.DelegatingMethodAccessorImpl.invoke(DelegatingMethodAccessorImpl.java:43)
	at java.lang.reflect.Method.invoke(Method.java:498)
	at org.junit.runners.model.FrameworkMethod$1.runReflectiveCall(FrameworkMethod.java:50)
	at org.junit.internal.runners.model.ReflectiveCallable.run(ReflectiveCallable.java:12)
	at org.junit.runners.model.FrameworkMethod.invokeExplosively(FrameworkMethod.java:47)
	at org.junit.internal.runners.statements.InvokeMethod.evaluate(InvokeMethod.java:17)
	at org.junit.internal.runners.statements.RunBefores.evaluate(RunBefores.java:26)
	at org.junit.internal.runners.statements.RunAfters.evaluate(RunAfters.java:27)
	at org.junit.runners.ParentRunner.runLeaf(ParentRunner.java:325)
	at org.junit.runners.BlockJUnit4ClassRunner.runChild(BlockJUnit4ClassRunner.java:78)
	at org.junit.runners.BlockJUnit4ClassRunner.runChild(BlockJUnit4ClassRunner.java:57)
	at org.junit.runners.ParentRunner$3.run(ParentRunner.java:290)
	at org.junit.runners.ParentRunner$1.schedule(ParentRunner.java:71)
	at org.junit.runners.ParentRunner.runChildren(ParentRunner.java:288)
	at org.junit.runners.ParentRunner.access$000(ParentRunner.java:58)
	at org.junit.runners.ParentRunner$2.evaluate(ParentRunner.java:268)
	at org.junit.internal.runners.statements.RunBefores.evaluate(RunBefores.java:26)
	at org.junit.internal.runners.statements.RunAfters.evaluate(RunAfters.java:27)
	at org.junit.runners.ParentRunner.run(ParentRunner.java:363)
	at org.apache.maven.surefire.junit4.JUnit4Provider.execute(JUnit4Provider.java:252)
	at org.apache.maven.surefire.junit4.JUnit4Provider.executeTestSet(JUnit4Provider.java:141)
	at org.apache.maven.surefire.junit4.JUnit4Provider.invoke(JUnit4Provider.java:112)
	at sun.reflect.NativeMethodAccessorImpl.invoke0(Native Method)
	at sun.reflect.NativeMethodAccessorImpl.invoke(NativeMethodAccessorImpl.java:62)
	at sun.reflect.DelegatingMethodAccessorImpl.invoke(DelegatingMethodAccessorImpl.java:43)
	at java.lang.reflect.Method.invoke(Method.java:498)
	at org.apache.maven.surefire.util.ReflectionUtils.invokeMethodWithArray(ReflectionUtils.java:189)
	at org.apache.maven.surefire.booter.ProviderFactory$ProviderProxy.invoke(ProviderFactory.java:165)
	at org.apache.maven.surefire.booter.ProviderFactory.invokeProvider(ProviderFactory.java:85)
	at org.apache.maven.surefire.booter.ForkedBooter.runSuitesInProcess(ForkedBooter.java:115)
	at org.apache.maven.surefire.booter.ForkedBooter.main(ForkedBooter.java:75)
</failure>
    <system-out>listByContinent
|	|	|-------Pais: albania| Latitude: 41.33165| Longitude 19.8318
|	|	|	|-------Pais: alemanha| Latitude: 52.5234051| Longitude 13.4113999
|	|-------Pais: argentina| Latitude: -34.61315| Longitude -58.37723
|	|	|	|	|-------Pais: armenia| Latitude: 40.18111| Longitude 44.51361
|	|	|	|-------Pais: austria| Latitude: 48.2092062| Longitude 16.3727778
|	|	|-------Pais: belgica| Latitude: 50.8462807| Longitude 4.3547273
|	|	|	|	|-------Pais: bielorussia| Latitude: 53.905117| Longitude 27.5611845
|	|	|	|-------Pais: bolivia| Latitude: -16.5| Longitude -68.15
|	|	|	|	|-------Pais: bosnia| Latitude: 43.85643| Longitude 18.41342
|-------Pais: brasil| Latitude: -15.77972| Longitude -47.92972
|	|	|	|	|-------Pais: bulgaria| Latitude: 42.6976246| Longitude 23.3222924
|	|	|	|-------Pais: chile| Latitude: -33.45694| Longitude -70.64827
|	|	|	|	|-------Pais: chipre| Latitude: 35.167604| Longitude 33.373621
|	|	|	|	|	|-------Pais: colombia| Latitude: 4.60971| Longitude -74.08175
|	|	|-------Pais: croacia| Latitude: 45.8150053| Longitude 15.9785014
|	|	|	|	|-------Pais: dinamarca| Latitude: 55.6762944| Longitude 12.5681157
|	|	|	|-------Pais: equador| Latitude: -0.22985| Longitude -78.52495
|	|	|	|	|-------Pais: eslovaquia| Latitude: 48.1483765| Longitude 17.1073105
|	|-------Pais: eslovenia| Latitude: 46.0514263| Longitude 14.5059655
|	|	|	|-------Pais: espanha| Latitude: 40.4166909| Longitude -3.7003454
|	|	|-------Pais: estonia| Latitude: 59.4388619| Longitude 24.7544715
|	|	|	|	|-------Pais: finlandia| Latitude: 60.1698791| Longitude 24.9384078
|	|	|	|-------Pais: franca| Latitude: 48.8566667| Longitude 2.3509871
|	|	|	|	|-------Pais: georgia| Latitude: 41.709981| Longitude 44.792998
Pais: grecia| Latitude: 37.97918| Longitude 23.716647
|	|	|	|-------Pais: guiana| Latitude: 6.80448| Longitude -58.15527
|	|	|-------Pais: guianafrancesa| Latitude: 4.93333| Longitude -52.33333
|	|	|	|	|-------Pais: holanda| Latitude: 52.3738007| Longitude 4.8909347
|	|	|	|-------Pais: hungria| Latitude: 47.4984056| Longitude 19.0407578
|	|	|	|	|-------Pais: irlanda| Latitude: 53.344104| Longitude -6.2674937
|	|-------Pais: islandia| Latitude: 64.135338| Longitude -21.89521
|	|	|	|-------Pais: italia| Latitude: 41.8954656| Longitude 12.4823243
|	|	|-------Pais: kosovo| Latitude: 42.672421| Longitude 21.164539
|	|	|	|-------Pais: letonia| Latitude: 56.9465346| Longitude 24.1048525
|-------Pais: liechtenstein| Latitude: 47.1410409| Longitude 9.5214458
|	|	|	|	|-------Pais: lituania| Latitude: 54.6893865| Longitude 25.2800243
|	|	|	|-------Pais: luxemburgo| Latitude: 49.815273| Longitude 6.129583
|	|	|	|	|-------Pais: macedonia| Latitude: 41.99646| Longitude 21.43141
|	|	|-------Pais: malta| Latitude: 35.904171| Longitude 14.518907
|	|	|	|	|	|-------Pais: moldavia| Latitude: 47.026859| Longitude 28.841551
|	|	|	|	|-------Pais: monaco| Latitude: 43.750298| Longitude 7.412841
|	|	|	|	|	|-------Pais: montenegro| Latitude: 42.442575| Longitude 19.268646
|	|	|	|-------Pais: noruega| Latitude: 59.9138204| Longitude 10.7387413
|	|	|	|	|	|-------Pais: paraguai| Latitude: -25.30066| Longitude -57.63591
|	|	|	|	|-------Pais: peru| Latitude: -12.04318| Longitude -77.02824
|	|	|	|	|	|-------Pais: polonia| Latitude: 52.2296756| Longitude 21.0122287
|	|-------Pais: portugal| Latitude: 38.7071631| Longitude -9.135517
|	|	|	|	|	|-------Pais: reinounido| Latitude: 51.5001524| Longitude -0.1262362
|	|	|	|	|-------Pais: republicacheca| Latitude: 50.0878114| Longitude 14.4204598
|	|	|	|-------Pais: romenia| Latitude: 44.430481| Longitude 26.12298
|	|	|	|	|-------Pais: russia| Latitude: 55.755786| Longitude 37.617633
|	|	|-------Pais: servia| Latitude: 44.802416| Longitude 20.465601
|	|	|	|	|	|-------Pais: suecia| Latitude: 59.3327881| Longitude 18.0644881
|	|	|	|	|-------Pais: suica| Latitude: 46.9479986| Longitude 7.4481481
|	|	|	|	|	|-------Pais: suriname| Latitude: 5.86638| Longitude -55.16682
|	|	|	|-------Pais: turquia| Latitude: 39.91987| Longitude 32.85427
|	|	|	|	|	|-------Pais: ucrania| Latitude: 50.440951| Longitude 30.5271814
|	|	|	|	|-------Pais: uruguai| Latitude: -34.90328| Longitude -56.18816
|	|	|	|	|	|-------Pais: venezuela| Latitude: 10.48801| Longitude -66.87919

</system-out>
  </testcase>
  <testcase classname="esinf_parte_3.ScriptTest" name="testPreencherTree" time="0.008"/>
</testsuite>